<?xml version="1.0" encoding="UTF-8"?>
<!-- Generated by org.testng.reporters.JUnitReportReporter -->
<testsuite hostname="fv-az127-425" failures="0" tests="3" name="com.udemy.springbootseleniumqa.runner.CucumberRunner" time="47.188" errors="0" timestamp="2022-04-03T10:55:01 UTC" skipped="0">
  <testcase classname="com.udemy.springbootseleniumqa.runner.CucumberRunner" name="feature" time="6.460"/>
  <system-out/>
  <testcase classname="com.udemy.springbootseleniumqa.runner.CucumberRunner" name="feature" time="20.509"/>
  <system-out/>
  <testcase classname="com.udemy.springbootseleniumqa.runner.CucumberRunner" name="feature" time="20.219"/>
  <system-out/>
</testsuite> <!-- com.udemy.springbootseleniumqa.runner.CucumberRunner -->
